<?xml version="1.0" encoding="UTF-8"?>
<!-- Generated by org.testng.reporters.JUnitXMLReporter -->
<testsuite hostname="DESKTOP-QNHJ5Q7" ignored="0" name="Test" tests="3" failures="0" timestamp="2022-11-01T22:18:11 PDT" time="14.64" errors="0">
  <testcase name="verifylogin" time="3.599" classname="testNgExample.Logger4jDemo"/>
  <testcase name="verifyApptitle" time="0.02" classname="testNgExample.Logger4jDemo"/>
  <testcase name="Logout" time="1.602" classname="testNgExample.Logger4jDemo"/>
</testsuite> <!-- Test -->
