<?xml version="1.0" encoding="UTF-8"?>
<testng-results skipped="0" failed="0" ignored="0" total="3" passed="3">
  <reporter-output>
  </reporter-output>
  <suite name="Suite" duration-ms="14640" started-at="2022-11-01T22:17:56 PDT" finished-at="2022-11-01T22:18:11 PDT">
    <groups>
    </groups>
    <test name="Test" duration-ms="14640" started-at="2022-11-01T22:17:56 PDT" finished-at="2022-11-01T22:18:11 PDT">
      <class name="testNgExample.Logger4jDemo">
        <test-method status="PASS" signature="launchApp()[pri:0, instance:testNgExample.Logger4jDemo@528931cf]" name="launchApp" is-config="true" duration-ms="4030" started-at="2022-11-01T22:17:56 PDT" finished-at="2022-11-01T22:18:00 PDT">
          <reporter-output>
          </reporter-output>
        </test-method> <!-- launchApp -->
        <test-method status="PASS" signature="verifylogin()[pri:1, instance:testNgExample.Logger4jDemo@528931cf]" name="verifylogin" duration-ms="3599" started-at="2022-11-01T22:18:00 PDT" description="lagin with valid data" finished-at="2022-11-01T22:18:04 PDT">
          <reporter-output>
          </reporter-output>
        </test-method> <!-- verifylogin -->
        <test-method status="PASS" signature="verifyApptitle()[pri:2, instance:testNgExample.Logger4jDemo@528931cf]" name="verifyApptitle" duration-ms="20" started-at="2022-11-01T22:18:04 PDT" finished-at="2022-11-01T22:18:04 PDT">
          <reporter-output>
          </reporter-output>
        </test-method> <!-- verifyApptitle -->
        <test-method status="PASS" signature="Logout()[pri:3, instance:testNgExample.Logger4jDemo@528931cf]" name="Logout" duration-ms="1602" started-at="2022-11-01T22:18:04 PDT" finished-at="2022-11-01T22:18:05 PDT">
          <reporter-output>
          </reporter-output>
        </test-method> <!-- Logout -->
        <test-method status="PASS" signature="closingApp()[pri:0, instance:testNgExample.Logger4jDemo@528931cf]" name="closingApp" is-config="true" duration-ms="5345" started-at="2022-11-01T22:18:05 PDT" finished-at="2022-11-01T22:18:11 PDT">
          <reporter-output>
          </reporter-output>
        </test-method> <!-- closingApp -->
      </class> <!-- testNgExample.Logger4jDemo -->
    </test> <!-- Test -->
  </suite> <!-- Suite -->
</testng-results>
