<?xml version="1.0" encoding="UTF-8"?>
<testsuite xmlns:xsi="http://www.w3.org/2001/XMLSchema-instance" xsi:noNamespaceSchemaLocation="https://maven.apache.org/surefire/maven-surefire-plugin/xsd/surefire-test-report-3.0.xsd" version="3.0" name="TestSuite" time="15.326" tests="3" errors="0" skipped="0" failures="0">
  <properties>
[...]
</properties>
  <testcase name="verifylogin" classname="testNgExample.Logger4jDemo" time="3.565">
    <system-out><![CDATA[ INFO [main] (BaseTest.java:28)- launching chrome browser....
 INFO [main] (BaseTest.java:41)- app url is:https://admin-demo.nopcommerce.com/login?ReturnUrl=%2Fadmin%2F
 INFO [main] (Logger4jDemo.java:16)- Clear text from userName field
 INFO [main] (Logger4jDemo.java:18)- enter username: admin@yourstore.com
 INFO [main] (Logger4jDemo.java:22)- Clear text from password field
 INFO [main] (Logger4jDemo.java:24)- enter username: admin
 INFO [main] (Logger4jDemo.java:28)- click on Login Button
]]></system-out>
    <system-err><![CDATA[SLF4J: Failed to load class "org.slf4j.impl.StaticLoggerBinder".
SLF4J: Defaulting to no-operation (NOP) logger implementation
SLF4J: See http://www.slf4j.org/codes.html#StaticLoggerBinder for further details.
Starting ChromeDriver 106.0.5249.61 (511755355844955cd3e264779baf0dd38212a4d0-refs/branch-heads/5249@{#569}) on port 9944
Only local connections are allowed.
Please see https://chromedriver.chromium.org/security-considerations for suggestions on keeping ChromeDriver safe.
ChromeDriver was started successfully.
Nov 01, 2022 10:17:59 PM org.openqa.selenium.remote.ProtocolHandshake createSession
INFO: Detected dialect: W3C
]]></system-err>
  </testcase>
  <testcase name="verifyApptitle" classname="testNgExample.Logger4jDemo" time="0.01">
    <system-out><![CDATA[ INFO [main] (Logger4jDemo.java:36)- app title is:Dashboard / nopCommerce administration
]]></system-out>
  </testcase>
  <testcase name="Logout" classname="testNgExample.Logger4jDemo" time="1.602">
    <system-out><![CDATA[ INFO [main] (Logger4jDemo.java:44)- Click on logout button.
]]></system-out>
  </testcase>
</testsuite>